<?xml version="1.0" encoding="UTF-8"?>
<!-- Generated by org.testng.reporters.JUnitReportReporter -->
<testsuite name="com.ness.tests.ManageLocations" tests="8" time="431.489" ignored="0" failures="0" timestamp="03 Aug 2018 16:16:37 GMT" skipped="2" hostname="ININTDT115341" errors="1">
  <testcase name="verifySaveWithoutData" time="72.307" classname="com.ness.tests.ManageLocations"/>
  <testcase name="verifyClearAllocations" time="66.731" classname="com.ness.tests.ManageLocations"/>
  <testcase name="verifyDeleteLocation" time="0.000" classname="com.ness.tests.ManageLocations">
    <skipped/>
  </testcase> <!-- verifyDeleteLocation -->
  <testcase name="verifyMoveButtonDisabled" time="0.000" classname="com.ness.tests.ManageLocations">
    <skipped/>
  </testcase> <!-- verifyMoveButtonDisabled -->
  <testcase name="verifyAddProgLocation" time="72.953" classname="com.ness.tests.ManageLocations"/>
  <testcase name="verifyMoveLocation" time="63.685" classname="com.ness.tests.ManageLocations">
    <error type="org.openqa.selenium.TimeoutException" message="Expected condition failed: waiting for all conditions to be valid: element to be clickable: Proxy element for: DefaultElementLocator &#039;By.id: appTitle&#039; &amp;&amp; element to be clickable: Proxy element for: DefaultElementLocator &#039;By.xpath: //div[@class=&#039;span4 homeItem observations&#039;]/div[2]/div/a&#039; &amp;&amp; element to be clickable: Proxy element for: DefaultElementLocator &#039;By.id: newAlert&#039; &amp;&amp; element to be clickable: Proxy element for: DefaultElementLocator &#039;By.xpath: //div[@class=&#039;dropdown&#039;]/a[@class=&#039;nav-btn&#039; and contains(text(), &#039;Status Reports&#039;)]&#039; &amp;&amp; element to be clickable: Proxy element for: DefaultElementLocator &#039;By.xpath: //div[@class=&#039;span4 homeItem observations&#039;]/div[2]/a&#039; &amp;&amp; element to be clickable: Proxy element for: DefaultElementLocator &#039;By.id: manageAlerts&#039; &amp;&amp; element to be clickable: Proxy element for: DefaultElementLocator &#039;By.xpath: //div[@class=&#039;span4 homeItem reports&#039;]/div[2]/a&#039; (tried for 30 second(s) with 500 MILLISECONDS interval)">
      <![CDATA[org.openqa.selenium.TimeoutException: Expected condition failed: waiting for all conditions to be valid: element to be clickable: Proxy element for: DefaultElementLocator 'By.id: appTitle' && element to be clickable: Proxy element for: DefaultElementLocator 'By.xpath: //div[@class='span4 homeItem observations']/div[2]/div/a' && element to be clickable: Proxy element for: DefaultElementLocator 'By.id: newAlert' && element to be clickable: Proxy element for: DefaultElementLocator 'By.xpath: //div[@class='dropdown']/a[@class='nav-btn' and contains(text(), 'Status Reports')]' && element to be clickable: Proxy element for: DefaultElementLocator 'By.xpath: //div[@class='span4 homeItem observations']/div[2]/a' && element to be clickable: Proxy element for: DefaultElementLocator 'By.id: manageAlerts' && element to be clickable: Proxy element for: DefaultElementLocator 'By.xpath: //div[@class='span4 homeItem reports']/div[2]/a' (tried for 30 second(s) with 500 MILLISECONDS interval)
	at org.openqa.selenium.support.ui.WebDriverWait.timeoutException(WebDriverWait.java:80)
	at org.openqa.selenium.support.ui.FluentWait.until(FluentWait.java:232)
	at com.ness.pages.AdminHomePage.waitForHomePageToLoad(AdminHomePage.java:57)
	at com.ness.pages.AdminHomePage.clickManageLocations(AdminHomePage.java:105)
	at com.ness.tests.ManageLocations.verifyMoveLocation(ManageLocations.java:150)
	at sun.reflect.NativeMethodAccessorImpl.invoke0(Native Method)
	at sun.reflect.NativeMethodAccessorImpl.invoke(Unknown Source)
	at sun.reflect.DelegatingMethodAccessorImpl.invoke(Unknown Source)
	at java.lang.reflect.Method.invoke(Unknown Source)
	at org.testng.internal.MethodInvocationHelper.invokeMethod(MethodInvocationHelper.java:104)
	at org.testng.internal.Invoker.invokeMethod(Invoker.java:645)
	at org.testng.internal.Invoker.invokeTestMethod(Invoker.java:851)
	at org.testng.internal.Invoker.invokeTestMethods(Invoker.java:1177)
	at org.testng.internal.TestMethodWorker.invokeTestMethods(TestMethodWorker.java:129)
	at org.testng.internal.TestMethodWorker.run(TestMethodWorker.java:112)
	at org.testng.TestRunner.privateRun(TestRunner.java:756)
	at org.testng.TestRunner.run(TestRunner.java:610)
	at org.testng.SuiteRunner.runTest(SuiteRunner.java:387)
	at org.testng.SuiteRunner.runSequentially(SuiteRunner.java:382)
	at org.testng.SuiteRunner.privateRun(SuiteRunner.java:340)
	at org.testng.SuiteRunner.run(SuiteRunner.java:289)
	at org.testng.SuiteRunnerWorker.runSuite(SuiteRunnerWorker.java:52)
	at org.testng.SuiteRunnerWorker.run(SuiteRunnerWorker.java:86)
	at org.testng.TestNG.runSuitesSequentially(TestNG.java:1293)
	at org.testng.TestNG.runSuitesLocally(TestNG.java:1218)
	at org.testng.TestNG.runSuites(TestNG.java:1133)
	at org.testng.TestNG.run(TestNG.java:1104)
	at org.testng.remote.AbstractRemoteTestNG.run(AbstractRemoteTestNG.java:114)
	at org.testng.remote.RemoteTestNG.initAndRun(RemoteTestNG.java:251)
	at org.testng.remote.RemoteTestNG.main(RemoteTestNG.java:77)
Caused by: org.openqa.selenium.NoSuchElementException: no such element: Unable to locate element: {"method":"id","selector":"appTitle"}
  (Session info: chrome=68.0.3440.84)
  (Driver info: chromedriver=2.41.578737 (49da6702b16031c40d63e5618de03a32ff6c197e),platform=Windows NT 6.1.7601 SP1 x86_64) (WARNING: The server did not provide any stacktrace information)
Command duration or timeout: 17 milliseconds
For documentation on this error, please visit: http://seleniumhq.org/exceptions/no_such_element.html
Build info: version: '3.4.0', revision: 'unknown', time: 'unknown'
System info: host: 'ININTDT115341', ip: '172.21.74.91', os.name: 'Windows 7', os.arch: 'amd64', os.version: '6.1', java.version: '1.8.0_181'
Driver info: org.openqa.selenium.chrome.ChromeDriver
Capabilities [{mobileEmulationEnabled=false, hasTouchScreen=false, platform=XP, acceptSslCerts=true, goog:chromeOptions={debuggerAddress=localhost:57784}, acceptInsecureCerts=true, webStorageEnabled=true, browserName=chrome, takesScreenshot=true, javascriptEnabled=true, setWindowRect=true, unexpectedAlertBehaviour=, applicationCacheEnabled=false, rotatable=false, networkConnectionEnabled=false, chrome={chromedriverVersion=2.41.578737 (49da6702b16031c40d63e5618de03a32ff6c197e), userDataDir=C:\Users\P71110~1.PID\AppData\Local\Temp\scoped_dir3720_30931}, takesHeapSnapshot=true, pageLoadStrategy=normal, databaseEnabled=false, handlesAlerts=true, version=68.0.3440.84, browserConnectionEnabled=false, nativeEvents=true, locationContextEnabled=true, cssSelectorsEnabled=true}]
Session ID: 204d3c47fd233b758dd75492a082a253
*** Element info: {Using=id, value=appTitle}
	at sun.reflect.GeneratedConstructorAccessor58.newInstance(Unknown Source)
	at sun.reflect.DelegatingConstructorAccessorImpl.newInstance(Unknown Source)
	at java.lang.reflect.Constructor.newInstance(Unknown Source)
	at org.openqa.selenium.remote.ErrorHandler.createThrowable(ErrorHandler.java:215)
	at org.openqa.selenium.remote.ErrorHandler.throwIfResponseFailed(ErrorHandler.java:167)
	at org.openqa.selenium.remote.RemoteWebDriver.execute(RemoteWebDriver.java:671)
	at org.openqa.selenium.remote.RemoteWebDriver.findElement(RemoteWebDriver.java:410)
	at org.openqa.selenium.remote.RemoteWebDriver.findElementById(RemoteWebDriver.java:453)
	at org.openqa.selenium.By$ById.findElement(By.java:218)
	at org.openqa.selenium.remote.RemoteWebDriver.findElement(RemoteWebDriver.java:402)
	at org.openqa.selenium.support.pagefactory.DefaultElementLocator.findElement(DefaultElementLocator.java:69)
	at org.openqa.selenium.support.pagefactory.internal.LocatingElementHandler.invoke(LocatingElementHandler.java:38)
	at com.sun.proxy.$Proxy6.isDisplayed(Unknown Source)
	at org.openqa.selenium.support.ui.ExpectedConditions.elementIfVisible(ExpectedConditions.java:302)
	at org.openqa.selenium.support.ui.ExpectedConditions.access$100(ExpectedConditions.java:44)
	at org.openqa.selenium.support.ui.ExpectedConditions$10.apply(ExpectedConditions.java:288)
	at org.openqa.selenium.support.ui.ExpectedConditions$10.apply(ExpectedConditions.java:285)
	at org.openqa.selenium.support.ui.ExpectedConditions$23.apply(ExpectedConditions.java:673)
	at org.openqa.selenium.support.ui.ExpectedConditions$23.apply(ExpectedConditions.java:669)
	at org.openqa.selenium.support.ui.ExpectedConditions$48.apply(ExpectedConditions.java:1446)
	at org.openqa.selenium.support.ui.ExpectedConditions$48.apply(ExpectedConditions.java:1442)
	at org.openqa.selenium.support.ui.FluentWait.until(FluentWait.java:209)
	... 28 more
]]>
    </error>
  </testcase> <!-- verifyMoveLocation -->
  <testcase name="verifyAddSiteLocation" time="88.356" classname="com.ness.tests.ManageLocations"/>
  <testcase name="verifyDistributeAllocations" time="67.457" classname="com.ness.tests.ManageLocations"/>
</testsuite> <!-- com.ness.tests.ManageLocations -->
