<?xml version="1.0" encoding="UTF-8"?>
<!-- Generated by org.testng.reporters.JUnitReportReporter -->
<testsuite name="com.ness.tests.ManageSummaryReportsOunce" tests="22" time="1601.438" ignored="0" failures="2" timestamp="03 Aug 2018 16:16:37 GMT" skipped="0" hostname="ININTDT115341" errors="0">
  <testcase name="verifyUseTemplateObsRecord" time="71.856" classname="com.ness.tests.ManageSummaryReportsOunce"/>
  <testcase name="verifyUseTemplateOunce" time="72.439" classname="com.ness.tests.ManageSummaryReportsOunce"/>
  <testcase name="verifyAddDevProfileCommentForObsRecord" time="71.487" classname="com.ness.tests.ManageSummaryReportsOunce"/>
  <testcase name="verifyGuidelinesForObsRecord" time="72.594" classname="com.ness.tests.ManageSummaryReportsOunce"/>
  <testcase name="verifyAuthorInfoForObsRecord" time="70.152" classname="com.ness.tests.ManageSummaryReportsOunce"/>
  <testcase name="verifyCommentsCounterForObsRecord" time="70.449" classname="com.ness.tests.ManageSummaryReportsOunce"/>
  <testcase name="verifySaveButtonDisabledForNonCurrentAgeLevel" time="62.644" classname="com.ness.tests.ManageSummaryReportsOunce"/>
  <testcase name="deleteOunceSummary" time="75.729" classname="com.ness.tests.ManageSummaryReportsOunce"/>
  <testcase name="verifyCommentsCounterForOunceSummary" time="74.992" classname="com.ness.tests.ManageSummaryReportsOunce"/>
  <testcase name="autoSaveCommentsOunce" time="66.651" classname="com.ness.tests.ManageSummaryReportsOunce"/>
  <testcase name="verifyDownloadOunceSummaryEnglishPdf" time="69.946" classname="com.ness.tests.ManageSummaryReportsOunce">
    <failure type="java.lang.AssertionError" message="Failed to download expected file expected [true] but found [false]">
      <![CDATA[java.lang.AssertionError: Failed to download expected file expected [true] but found [false]
	at org.testng.Assert.fail(Assert.java:94)
	at org.testng.Assert.failNotEquals(Assert.java:513)
	at org.testng.Assert.assertTrue(Assert.java:42)
	at com.ness.pages.NarrativeSummary_Page.verifyDownloadOunceSummaryEnglishPdf(NarrativeSummary_Page.java:567)
	at com.ness.tests.ManageSummaryReportsOunce.verifyDownloadOunceSummaryEnglishPdf(ManageSummaryReportsOunce.java:217)
	at sun.reflect.NativeMethodAccessorImpl.invoke0(Native Method)
	at sun.reflect.NativeMethodAccessorImpl.invoke(Unknown Source)
	at sun.reflect.DelegatingMethodAccessorImpl.invoke(Unknown Source)
	at java.lang.reflect.Method.invoke(Unknown Source)
	at org.testng.internal.MethodInvocationHelper.invokeMethod(MethodInvocationHelper.java:104)
	at org.testng.internal.Invoker.invokeMethod(Invoker.java:645)
	at org.testng.internal.Invoker.invokeTestMethod(Invoker.java:851)
	at org.testng.internal.Invoker.invokeTestMethods(Invoker.java:1177)
	at org.testng.internal.TestMethodWorker.invokeTestMethods(TestMethodWorker.java:129)
	at org.testng.internal.TestMethodWorker.run(TestMethodWorker.java:112)
	at org.testng.TestRunner.privateRun(TestRunner.java:756)
	at org.testng.TestRunner.run(TestRunner.java:610)
	at org.testng.SuiteRunner.runTest(SuiteRunner.java:387)
	at org.testng.SuiteRunner.runSequentially(SuiteRunner.java:382)
	at org.testng.SuiteRunner.privateRun(SuiteRunner.java:340)
	at org.testng.SuiteRunner.run(SuiteRunner.java:289)
	at org.testng.SuiteRunnerWorker.runSuite(SuiteRunnerWorker.java:52)
	at org.testng.SuiteRunnerWorker.run(SuiteRunnerWorker.java:86)
	at org.testng.TestNG.runSuitesSequentially(TestNG.java:1293)
	at org.testng.TestNG.runSuitesLocally(TestNG.java:1218)
	at org.testng.TestNG.runSuites(TestNG.java:1133)
	at org.testng.TestNG.run(TestNG.java:1104)
	at org.testng.remote.AbstractRemoteTestNG.run(AbstractRemoteTestNG.java:114)
	at org.testng.remote.RemoteTestNG.initAndRun(RemoteTestNG.java:251)
	at org.testng.remote.RemoteTestNG.main(RemoteTestNG.java:77)
]]>
    </failure>
  </testcase> <!-- verifyDownloadOunceSummaryEnglishPdf -->
  <testcase name="verifyNavigationViaManageSummaryPage" time="70.821" classname="com.ness.tests.ManageSummaryReportsOunce"/>
  <testcase name="verifyAddDevProfileComment" time="75.743" classname="com.ness.tests.ManageSummaryReportsOunce"/>
  <testcase name="verifyDeleteObservationRecord" time="78.670" classname="com.ness.tests.ManageSummaryReportsOunce"/>
  <testcase name="verifyAutoSaveCommentsObsRecord" time="71.538" classname="com.ness.tests.ManageSummaryReportsOunce"/>
  <testcase name="verifyChildInfoOnManageSummaryPage" time="54.976" classname="com.ness.tests.ManageSummaryReportsOunce"/>
  <testcase name="verifySaveTemplateOunce" time="91.252" classname="com.ness.tests.ManageSummaryReportsOunce"/>
  <testcase name="verifyObservationRecord" time="70.571" classname="com.ness.tests.ManageSummaryReportsOunce"/>
  <testcase name="createOunceSummaryReport" time="73.349" classname="com.ness.tests.ManageSummaryReportsOunce"/>
  <testcase name="verifyAgeLevelDisplayedForOunceSummary" time="72.457" classname="com.ness.tests.ManageSummaryReportsOunce"/>
  <testcase name="verifyDownloadObsRecordEnglishPdf" time="74.550" classname="com.ness.tests.ManageSummaryReportsOunce">
    <failure type="java.lang.AssertionError" message="Failed to download expected file expected [true] but found [false]">
      <![CDATA[java.lang.AssertionError: Failed to download expected file expected [true] but found [false]
	at org.testng.Assert.fail(Assert.java:94)
	at org.testng.Assert.failNotEquals(Assert.java:513)
	at org.testng.Assert.assertTrue(Assert.java:42)
	at com.ness.pages.NarrativeSummary_Page.verifyDownloadObsRecordEnglishPdf(NarrativeSummary_Page.java:575)
	at com.ness.tests.ManageSummaryReportsOunce.verifyDownloadObsRecordEnglishPdf(ManageSummaryReportsOunce.java:380)
	at sun.reflect.NativeMethodAccessorImpl.invoke0(Native Method)
	at sun.reflect.NativeMethodAccessorImpl.invoke(Unknown Source)
	at sun.reflect.DelegatingMethodAccessorImpl.invoke(Unknown Source)
	at java.lang.reflect.Method.invoke(Unknown Source)
	at org.testng.internal.MethodInvocationHelper.invokeMethod(MethodInvocationHelper.java:104)
	at org.testng.internal.Invoker.invokeMethod(Invoker.java:645)
	at org.testng.internal.Invoker.invokeTestMethod(Invoker.java:851)
	at org.testng.internal.Invoker.invokeTestMethods(Invoker.java:1177)
	at org.testng.internal.TestMethodWorker.invokeTestMethods(TestMethodWorker.java:129)
	at org.testng.internal.TestMethodWorker.run(TestMethodWorker.java:112)
	at org.testng.TestRunner.privateRun(TestRunner.java:756)
	at org.testng.TestRunner.run(TestRunner.java:610)
	at org.testng.SuiteRunner.runTest(SuiteRunner.java:387)
	at org.testng.SuiteRunner.runSequentially(SuiteRunner.java:382)
	at org.testng.SuiteRunner.privateRun(SuiteRunner.java:340)
	at org.testng.SuiteRunner.run(SuiteRunner.java:289)
	at org.testng.SuiteRunnerWorker.runSuite(SuiteRunnerWorker.java:52)
	at org.testng.SuiteRunnerWorker.run(SuiteRunnerWorker.java:86)
	at org.testng.TestNG.runSuitesSequentially(TestNG.java:1293)
	at org.testng.TestNG.runSuitesLocally(TestNG.java:1218)
	at org.testng.TestNG.runSuites(TestNG.java:1133)
	at org.testng.TestNG.run(TestNG.java:1104)
	at org.testng.remote.AbstractRemoteTestNG.run(AbstractRemoteTestNG.java:114)
	at org.testng.remote.RemoteTestNG.initAndRun(RemoteTestNG.java:251)
	at org.testng.remote.RemoteTestNG.main(RemoteTestNG.java:77)
]]>
    </failure>
  </testcase> <!-- verifyDownloadObsRecordEnglishPdf -->
  <testcase name="verifySaveTemplateObsRecord" time="88.572" classname="com.ness.tests.ManageSummaryReportsOunce"/>
</testsuite> <!-- com.ness.tests.ManageSummaryReportsOunce -->
